0 info it worked if it ends with ok
1 verbose cli [ '/Users/Silviu/.nvm/versions/node/v5.9.1/bin/node',
1 verbose cli   '/Users/Silviu/.nvm/versions/node/v5.9.1/bin/npm',
1 verbose cli   'start' ]
2 info using npm@3.7.3
3 info using node@v5.9.1
4 verbose run-script [ 'prestart', 'start', 'poststart' ]
5 info lifecycle charsify@1.0.0~prestart: charsify@1.0.0
6 silly lifecycle charsify@1.0.0~prestart: no script for prestart, continuing
7 info lifecycle charsify@1.0.0~start: charsify@1.0.0
8 verbose lifecycle charsify@1.0.0~start: unsafe-perm in lifecycle true
9 verbose lifecycle charsify@1.0.0~start: PATH: /Users/Silviu/.nvm/versions/node/v5.9.1/lib/node_modules/npm/bin/node-gyp-bin:/Users/Silviu/Dropbox/learn-react/charsify/node_modules/.bin:/Users/Silviu/.nvm/versions/node/v5.9.1/bin:/Users/Silviu/.nvm/versions/node/v5.9.1/bin:/Users/Silviu/.local/bin:/Users/Silviu/.cabal/bin:/Applications/ghc-7.10.2.app/Contents/bin:/Users/Silviu/anaconda/bin:/usr/bin:/bin:/usr/sbin:/sbin:/usr/local/bin:/opt/X11/bin:/usr/local/git/bin:/Library/TeX/texbin
10 verbose lifecycle charsify@1.0.0~start: CWD: /Users/Silviu/Dropbox/learn-react/charsify
11 silly lifecycle charsify@1.0.0~start: Args: [ '-c', 'webpack-dev-server --content-base build' ]
12 silly lifecycle charsify@1.0.0~start: Returned: code: 1  signal: null
13 info lifecycle charsify@1.0.0~start: Failed to exec start script
14 verbose stack Error: charsify@1.0.0 start: `webpack-dev-server --content-base build`
14 verbose stack Exit status 1
14 verbose stack     at EventEmitter.<anonymous> (/Users/Silviu/.nvm/versions/node/v5.9.1/lib/node_modules/npm/lib/utils/lifecycle.js:239:16)
14 verbose stack     at emitTwo (events.js:100:13)
14 verbose stack     at EventEmitter.emit (events.js:185:7)
14 verbose stack     at ChildProcess.<anonymous> (/Users/Silviu/.nvm/versions/node/v5.9.1/lib/node_modules/npm/lib/utils/spawn.js:24:14)
14 verbose stack     at emitTwo (events.js:100:13)
14 verbose stack     at ChildProcess.emit (events.js:185:7)
14 verbose stack     at maybeClose (internal/child_process.js:850:16)
14 verbose stack     at Process.ChildProcess._handle.onexit (internal/child_process.js:215:5)
15 verbose pkgid charsify@1.0.0
16 verbose cwd /Users/Silviu/Dropbox/learn-react/charsify
17 error Darwin 15.3.0
18 error argv "/Users/Silviu/.nvm/versions/node/v5.9.1/bin/node" "/Users/Silviu/.nvm/versions/node/v5.9.1/bin/npm" "start"
19 error node v5.9.1
20 error npm  v3.7.3
21 error code ELIFECYCLE
22 error charsify@1.0.0 start: `webpack-dev-server --content-base build`
22 error Exit status 1
23 error Failed at the charsify@1.0.0 start script 'webpack-dev-server --content-base build'.
23 error Make sure you have the latest version of node.js and npm installed.
23 error If you do, this is most likely a problem with the charsify package,
23 error not with npm itself.
23 error Tell the author that this fails on your system:
23 error     webpack-dev-server --content-base build
23 error You can get information on how to open an issue for this project with:
23 error     npm bugs charsify
23 error Or if that isn't available, you can get their info via:
23 error     npm owner ls charsify
23 error There is likely additional logging output above.
24 verbose exit [ 1, true ]
